2019-02-28 17:42:39,299 - BrowserEngine - INFO - 读取浏览器成功
2019-02-28 17:42:39,305 - BrowserEngine - INFO - 找到URL：http://127.0.0.1/forum.php
2019-02-28 17:42:44,624 - BrowserEngine - INFO - 谷歌浏览器
2019-02-28 17:42:45,614 - BrowserEngine - INFO - 打开浏览器http://127.0.0.1/forum.php
2019-02-28 17:42:46,943 - BasePage - INFO - 输入内容
2019-02-28 17:42:47,060 - BasePage - INFO - 输入内容
2019-02-28 17:42:53,640 - BasePage - INFO - 输入内容
2019-02-28 17:42:53,916 - BasePage - INFO - 输入内容
2019-02-28 17:43:52,557 - BasePage - INFO - 输入内容
2019-02-28 17:43:58,241 - BrowserEngine - INFO - 关闭浏览器
2019-02-28 17:44:00,524 - BrowserEngine - INFO - 读取浏览器成功
2019-02-28 17:44:00,524 - BrowserEngine - INFO - 找到URL：http://127.0.0.1/forum.php
2019-02-28 17:44:03,791 - BrowserEngine - INFO - 谷歌浏览器
2019-02-28 17:44:04,410 - BrowserEngine - INFO - 打开浏览器http://127.0.0.1/forum.php
2019-02-28 17:44:05,722 - BasePage - INFO - 输入内容
2019-02-28 17:44:05,833 - BasePage - INFO - 输入内容
2019-02-28 17:44:24,851 - BasePage - ERROR - <Pageobjects.discuz_homepage.AddNewModule object at 0x000001831DA4BF98>未找到页面('link text', '论坛')元素
2019-02-28 17:44:24,888 - BrowserEngine - INFO - 关闭浏览器
2019-02-28 17:44:27,251 - BrowserEngine - INFO - 读取浏览器成功
2019-02-28 17:44:27,251 - BrowserEngine - INFO - 找到URL：http://127.0.0.1/forum.php
2019-02-28 17:44:30,505 - BrowserEngine - INFO - 谷歌浏览器
2019-02-28 17:44:31,090 - BrowserEngine - INFO - 打开浏览器http://127.0.0.1/forum.php
2019-02-28 17:44:32,411 - BasePage - INFO - 输入内容
2019-02-28 17:44:32,517 - BasePage - INFO - 输入内容
2019-02-28 17:44:42,874 - BasePage - INFO - 输入内容
2019-02-28 17:44:55,835 - BasePage - ERROR - <Pageobjects.discuz_homepage.SouSuoPage object at 0x000001831DA795F8>未找到页面('id', 'thread_subject')元素
2019-02-28 17:44:55,835 - BasePage - INFO - 获取内容成功
2019-02-28 17:44:55,835 - BrowserEngine - INFO - 关闭浏览器
2019-02-28 17:44:58,108 - BrowserEngine - INFO - 读取浏览器成功
2019-02-28 17:44:58,108 - BrowserEngine - INFO - 找到URL：http://127.0.0.1/forum.php
2019-02-28 17:45:01,372 - BrowserEngine - INFO - 谷歌浏览器
2019-02-28 17:45:01,943 - BrowserEngine - INFO - 打开浏览器http://127.0.0.1/forum.php
2019-02-28 17:45:03,254 - BasePage - INFO - 输入内容
2019-02-28 17:45:03,373 - BasePage - INFO - 输入内容
2019-02-28 17:45:15,541 - BasePage - INFO - 输入内容
2019-02-28 17:45:15,895 - BasePage - INFO - 输入内容
2019-02-28 17:45:16,198 - BasePage - INFO - 输入内容
2019-02-28 17:45:39,353 - BasePage - INFO - 获取内容成功
2019-02-28 17:45:39,432 - BasePage - INFO - 获取内容成功
2019-02-28 17:45:39,509 - BasePage - INFO - 获取内容成功
2019-02-28 17:45:39,587 - BasePage - INFO - 获取内容成功
2019-02-28 17:45:39,662 - BasePage - INFO - 获取内容成功
2019-02-28 17:45:44,685 - BrowserEngine - INFO - 关闭浏览器
