2019-03-04 20:25:01,211 - BrowserEngine - INFO - 读取浏览器成功
2019-03-04 20:25:01,212 - BrowserEngine - INFO - 找到URL：http://127.0.0.1/forum.php
2019-03-04 20:25:06,282 - BrowserEngine - INFO - 谷歌浏览器
2019-03-04 20:25:12,176 - BrowserEngine - INFO - 打开浏览器http://127.0.0.1/forum.php
2019-03-04 20:25:13,799 - BasePage - INFO - 输入内容
2019-03-04 20:25:14,247 - BasePage - INFO - 输入内容
2019-03-04 20:25:26,142 - BasePage - INFO - 输入内容
2019-03-04 20:25:26,629 - BasePage - INFO - 输入内容
2019-03-04 20:25:32,588 - BasePage - INFO - 输入内容
2019-03-04 20:25:38,711 - BrowserEngine - INFO - 关闭浏览器
2019-03-04 20:25:41,046 - BrowserEngine - INFO - 读取浏览器成功
2019-03-04 20:25:41,048 - BrowserEngine - INFO - 找到URL：http://127.0.0.1/forum.php
2019-03-04 20:25:45,495 - BrowserEngine - INFO - 谷歌浏览器
2019-03-04 20:25:47,436 - BrowserEngine - INFO - 打开浏览器http://127.0.0.1/forum.php
2019-03-04 20:25:49,038 - BasePage - INFO - 输入内容
2019-03-04 20:25:49,294 - BasePage - INFO - 输入内容
2019-03-04 20:26:13,499 - BasePage - ERROR - <Pageobjects.discuz_homepage.AddNewModule object at 0x00000218F1242668>未找到页面('link text', '论坛')元素
2019-03-04 20:26:13,499 - BrowserEngine - INFO - 关闭浏览器
2019-03-04 20:26:15,966 - BrowserEngine - INFO - 读取浏览器成功
2019-03-04 20:26:15,967 - BrowserEngine - INFO - 找到URL：http://127.0.0.1/forum.php
2019-03-04 20:26:20,079 - BrowserEngine - INFO - 谷歌浏览器
2019-03-04 20:26:23,194 - BrowserEngine - INFO - 打开浏览器http://127.0.0.1/forum.php
2019-03-04 20:26:24,690 - BasePage - INFO - 输入内容
2019-03-04 20:26:24,959 - BasePage - INFO - 输入内容
2019-03-04 20:26:35,611 - BasePage - INFO - 输入内容
2019-03-04 20:26:42,104 - BasePage - INFO - 获取内容成功
2019-03-04 20:26:45,042 - BrowserEngine - INFO - 关闭浏览器
2019-03-04 20:26:47,507 - BrowserEngine - INFO - 读取浏览器成功
2019-03-04 20:26:47,507 - BrowserEngine - INFO - 找到URL：http://127.0.0.1/forum.php
2019-03-04 20:26:51,231 - BrowserEngine - INFO - 谷歌浏览器
2019-03-04 20:26:52,293 - BrowserEngine - INFO - 打开浏览器http://127.0.0.1/forum.php
2019-03-04 20:26:53,911 - BasePage - INFO - 输入内容
2019-03-04 20:26:54,274 - BasePage - INFO - 输入内容
2019-03-04 20:27:08,721 - BasePage - INFO - 输入内容
2019-03-04 20:27:09,343 - BasePage - INFO - 输入内容
2019-03-04 20:27:09,893 - BasePage - INFO - 输入内容
2019-03-04 20:27:22,589 - BasePage - INFO - 获取内容成功
2019-03-04 20:27:22,706 - BasePage - INFO - 获取内容成功
2019-03-04 20:27:22,817 - BasePage - INFO - 获取内容成功
2019-03-04 20:27:22,929 - BasePage - INFO - 获取内容成功
2019-03-04 20:27:23,049 - BasePage - INFO - 获取内容成功
2019-03-04 20:27:28,078 - BrowserEngine - INFO - 关闭浏览器
