2019-03-04 21:03:20,164 - BrowserEngine - INFO - 读取浏览器成功
2019-03-04 21:03:20,166 - BrowserEngine - INFO - 找到URL：http://127.0.0.1/forum.php
2019-03-04 21:03:24,796 - BrowserEngine - INFO - 谷歌浏览器
2019-03-04 21:03:25,907 - BrowserEngine - INFO - 打开浏览器http://127.0.0.1/forum.php
2019-03-04 21:03:27,223 - BasePage - INFO - 输入内容
2019-03-04 21:03:27,354 - BasePage - INFO - 输入内容
2019-03-04 21:03:34,318 - BasePage - INFO - 输入内容
2019-03-04 21:03:34,628 - BasePage - INFO - 输入内容
2019-03-04 21:03:40,305 - BasePage - INFO - 输入内容
2019-03-04 21:03:46,338 - BrowserEngine - INFO - 关闭浏览器
2019-03-04 21:03:48,730 - BrowserEngine - INFO - 读取浏览器成功
2019-03-04 21:03:48,732 - BrowserEngine - INFO - 找到URL：http://127.0.0.1/forum.php
2019-03-04 21:04:12,556 - BrowserEngine - INFO - 谷歌浏览器
2019-03-04 21:04:14,056 - BrowserEngine - INFO - 打开浏览器http://127.0.0.1/forum.php
2019-03-04 21:04:15,613 - BasePage - INFO - 输入内容
2019-03-04 21:04:15,832 - BasePage - INFO - 输入内容
2019-03-04 21:05:00,898 - BasePage - INFO - 输入内容
2019-03-04 21:05:09,563 - BasePage - INFO - 输入内容
2019-03-04 21:05:09,679 - BasePage - INFO - 输入内容
2019-03-04 21:05:16,313 - BasePage - INFO - 输入内容
2019-03-04 21:05:16,588 - BasePage - INFO - 输入内容
2019-03-04 21:05:23,072 - BasePage - INFO - 输入内容
2019-03-04 21:05:23,429 - BrowserEngine - INFO - 关闭浏览器
2019-03-04 21:05:25,725 - BrowserEngine - INFO - 读取浏览器成功
2019-03-04 21:05:25,726 - BrowserEngine - INFO - 找到URL：http://127.0.0.1/forum.php
2019-03-04 21:05:29,017 - BrowserEngine - INFO - 谷歌浏览器
2019-03-04 21:05:29,701 - BrowserEngine - INFO - 打开浏览器http://127.0.0.1/forum.php
2019-03-04 21:05:31,029 - BasePage - INFO - 输入内容
2019-03-04 21:05:31,132 - BasePage - INFO - 输入内容
2019-03-04 21:05:44,033 - BasePage - INFO - 输入内容
2019-03-04 21:05:54,803 - BasePage - INFO - 获取内容成功
2019-03-04 21:05:57,874 - BrowserEngine - INFO - 关闭浏览器
2019-03-04 21:06:00,522 - BrowserEngine - INFO - 读取浏览器成功
2019-03-04 21:06:00,522 - BrowserEngine - INFO - 找到URL：http://127.0.0.1/forum.php
2019-03-04 21:06:04,377 - BrowserEngine - INFO - 谷歌浏览器
2019-03-04 21:06:05,312 - BrowserEngine - INFO - 打开浏览器http://127.0.0.1/forum.php
2019-03-04 21:06:06,727 - BasePage - INFO - 输入内容
2019-03-04 21:06:06,947 - BasePage - INFO - 输入内容
2019-03-04 21:06:21,441 - BasePage - INFO - 输入内容
2019-03-04 21:06:21,850 - BasePage - INFO - 输入内容
2019-03-04 21:06:22,259 - BasePage - INFO - 输入内容
2019-03-04 21:06:34,831 - BasePage - INFO - 获取内容成功
2019-03-04 21:06:34,932 - BasePage - INFO - 获取内容成功
2019-03-04 21:06:35,022 - BasePage - INFO - 获取内容成功
2019-03-04 21:06:35,114 - BasePage - INFO - 获取内容成功
2019-03-04 21:06:35,205 - BasePage - INFO - 获取内容成功
2019-03-04 21:06:40,232 - BrowserEngine - INFO - 关闭浏览器
