2019-02-28 09:29:17,643 - BrowserEngine - INFO - 读取浏览器成功
2019-02-28 09:29:17,643 - BrowserEngine - INFO - 找到URL：http://127.0.0.1/forum.php
2019-02-28 09:29:20,754 - BrowserEngine - INFO - 谷歌浏览器
2019-02-28 09:29:21,541 - BrowserEngine - INFO - 打开浏览器http://127.0.0.1/forum.php
2019-02-28 09:29:22,852 - BasePage - INFO - 输入内容
2019-02-28 09:29:22,966 - BasePage - INFO - 输入内容
2019-02-28 09:29:29,601 - BasePage - INFO - 输入内容
2019-02-28 09:29:29,943 - BasePage - INFO - 输入内容
2019-02-28 09:29:35,609 - BasePage - INFO - 输入内容
2019-02-28 09:29:41,306 - BrowserEngine - INFO - 关闭浏览器
2019-02-28 09:29:43,569 - BrowserEngine - INFO - 读取浏览器成功
2019-02-28 09:29:43,569 - BrowserEngine - INFO - 找到URL：http://127.0.0.1/forum.php
2019-02-28 09:29:46,691 - BrowserEngine - INFO - 谷歌浏览器
2019-02-28 09:29:47,287 - BrowserEngine - INFO - 打开浏览器http://127.0.0.1/forum.php
2019-02-28 09:29:48,581 - BasePage - INFO - 输入内容
2019-02-28 09:29:48,695 - BasePage - INFO - 输入内容
2019-02-28 09:30:24,027 - BasePage - INFO - 输入内容
2019-02-28 09:30:32,598 - BasePage - INFO - 输入内容
2019-02-28 09:30:32,726 - BasePage - INFO - 输入内容
2019-02-28 09:30:39,003 - BasePage - INFO - 输入内容
2019-02-28 09:30:39,362 - BasePage - INFO - 输入内容
2019-02-28 09:30:40,856 - BasePage - INFO - 输入内容
2019-02-28 09:30:41,157 - BrowserEngine - INFO - 关闭浏览器
2019-02-28 09:30:43,415 - BrowserEngine - INFO - 读取浏览器成功
2019-02-28 09:30:43,415 - BrowserEngine - INFO - 找到URL：http://127.0.0.1/forum.php
2019-02-28 09:30:46,795 - BrowserEngine - INFO - 谷歌浏览器
2019-02-28 09:30:47,375 - BrowserEngine - INFO - 打开浏览器http://127.0.0.1/forum.php
2019-02-28 09:30:48,692 - BasePage - INFO - 输入内容
2019-02-28 09:30:48,803 - BasePage - INFO - 输入内容
2019-02-28 09:30:59,191 - BasePage - INFO - 输入内容
2019-02-28 09:31:12,165 - BasePage - ERROR - <Pageobjects.discuz_homepage.SouSuoPage object at 0x000002172A7A7588>未找到页面('id', 'thread_subject')元素
2019-02-28 09:31:12,229 - BasePage - INFO - 获取内容成功
2019-02-28 09:31:12,230 - BrowserEngine - INFO - 关闭浏览器
2019-02-28 09:31:14,460 - BrowserEngine - INFO - 读取浏览器成功
2019-02-28 09:31:14,460 - BrowserEngine - INFO - 找到URL：http://127.0.0.1/forum.php
2019-02-28 09:31:17,610 - BrowserEngine - INFO - 谷歌浏览器
2019-02-28 09:31:18,175 - BrowserEngine - INFO - 打开浏览器http://127.0.0.1/forum.php
2019-02-28 09:31:19,480 - BasePage - INFO - 输入内容
2019-02-28 09:31:19,587 - BasePage - INFO - 输入内容
2019-02-28 09:31:31,768 - BasePage - INFO - 输入内容
2019-02-28 09:31:32,029 - BasePage - INFO - 输入内容
2019-02-28 09:31:32,262 - BasePage - INFO - 输入内容
2019-02-28 09:31:44,497 - BasePage - INFO - 获取内容成功
2019-02-28 09:31:44,569 - BasePage - INFO - 获取内容成功
2019-02-28 09:31:44,639 - BasePage - INFO - 获取内容成功
2019-02-28 09:31:44,708 - BasePage - INFO - 获取内容成功
2019-02-28 09:31:44,775 - BasePage - INFO - 获取内容成功
2019-02-28 09:31:49,795 - BrowserEngine - INFO - 关闭浏览器
