2019-03-04 19:56:19,297 - BrowserEngine - INFO - 读取浏览器成功
2019-03-04 19:56:19,307 - BrowserEngine - INFO - 找到URL：http://127.0.0.1/forum.php
2019-03-04 19:56:23,598 - BrowserEngine - INFO - 谷歌浏览器
2019-03-04 19:56:26,625 - BrowserEngine - INFO - 打开浏览器http://127.0.0.1/forum.php
2019-03-04 19:56:27,956 - BasePage - INFO - 输入内容
2019-03-04 19:56:28,093 - BasePage - INFO - 输入内容
2019-03-04 19:56:57,188 - BasePage - INFO - 输入内容
2019-03-04 19:56:59,135 - BasePage - INFO - 输入内容
2019-03-04 19:57:06,212 - BasePage - INFO - 输入内容
2019-03-04 19:57:12,872 - BrowserEngine - INFO - 关闭浏览器
2019-03-04 19:57:15,496 - BrowserEngine - INFO - 读取浏览器成功
2019-03-04 19:57:15,497 - BrowserEngine - INFO - 找到URL：http://127.0.0.1/forum.php
2019-03-04 19:57:19,108 - BrowserEngine - INFO - 谷歌浏览器
2019-03-04 19:57:20,151 - BrowserEngine - INFO - 打开浏览器http://127.0.0.1/forum.php
2019-03-04 19:57:21,572 - BasePage - INFO - 输入内容
2019-03-04 19:57:21,801 - BasePage - INFO - 输入内容
2019-03-04 19:57:45,842 - BasePage - ERROR - <Pageobjects.discuz_homepage.AddNewModule object at 0x000001E486C4A630>未找到页面('link text', '论坛')元素
2019-03-04 19:57:45,876 - BrowserEngine - INFO - 关闭浏览器
2019-03-04 19:57:48,316 - BrowserEngine - INFO - 读取浏览器成功
2019-03-04 19:57:48,317 - BrowserEngine - INFO - 找到URL：http://127.0.0.1/forum.php
2019-03-04 19:57:51,775 - BrowserEngine - INFO - 谷歌浏览器
2019-03-04 19:57:52,568 - BrowserEngine - INFO - 打开浏览器http://127.0.0.1/forum.php
2019-03-04 19:57:53,936 - BasePage - INFO - 输入内容
2019-03-04 19:57:54,096 - BasePage - INFO - 输入内容
2019-03-04 19:58:04,581 - BasePage - INFO - 输入内容
2019-03-04 19:58:09,549 - BasePage - INFO - 获取内容成功
2019-03-04 19:58:12,255 - BrowserEngine - INFO - 关闭浏览器
2019-03-04 19:58:14,811 - BrowserEngine - INFO - 读取浏览器成功
2019-03-04 19:58:14,811 - BrowserEngine - INFO - 找到URL：http://127.0.0.1/forum.php
2019-03-04 19:58:18,583 - BrowserEngine - INFO - 谷歌浏览器
2019-03-04 19:58:19,507 - BrowserEngine - INFO - 打开浏览器http://127.0.0.1/forum.php
2019-03-04 19:58:20,867 - BasePage - INFO - 输入内容
2019-03-04 19:58:21,018 - BasePage - INFO - 输入内容
2019-03-04 19:58:34,879 - BasePage - INFO - 输入内容
2019-03-04 19:58:35,234 - BasePage - INFO - 输入内容
2019-03-04 19:58:35,565 - BasePage - INFO - 输入内容
2019-03-04 19:58:48,905 - BasePage - INFO - 获取内容成功
2019-03-04 19:58:49,014 - BasePage - INFO - 获取内容成功
2019-03-04 19:58:49,115 - BasePage - INFO - 获取内容成功
2019-03-04 19:58:49,216 - BasePage - INFO - 获取内容成功
2019-03-04 19:58:49,314 - BasePage - INFO - 获取内容成功
2019-03-04 19:58:54,350 - BrowserEngine - INFO - 关闭浏览器
