2019-03-04 20:24:18,899 - BrowserEngine - INFO - 读取浏览器成功
2019-03-04 20:24:18,899 - BrowserEngine - INFO - 找到URL：http://127.0.0.1/forum.php
2019-03-04 20:24:22,443 - BrowserEngine - INFO - 谷歌浏览器
2019-03-04 20:24:25,008 - BrowserEngine - INFO - 打开浏览器http://127.0.0.1/forum.php
2019-03-04 20:24:26,329 - BasePage - INFO - 输入内容
2019-03-04 20:24:26,440 - BasePage - INFO - 输入内容
2019-03-04 20:24:33,682 - BasePage - INFO - 输入内容
2019-03-04 20:24:34,068 - BasePage - INFO - 输入内容
2019-03-04 20:24:40,107 - BasePage - INFO - 输入内容
2019-03-04 20:24:59,924 - BrowserEngine - INFO - 关闭浏览器
2019-03-04 20:25:02,850 - BrowserEngine - INFO - 读取浏览器成功
2019-03-04 20:25:02,851 - BrowserEngine - INFO - 找到URL：http://127.0.0.1/forum.php
2019-03-04 20:25:08,925 - BrowserEngine - INFO - 谷歌浏览器
2019-03-04 20:25:11,338 - BrowserEngine - INFO - 打开浏览器http://127.0.0.1/forum.php
2019-03-04 20:25:13,042 - BasePage - INFO - 输入内容
2019-03-04 20:25:13,273 - BasePage - INFO - 输入内容
2019-03-04 20:25:37,146 - BasePage - ERROR - <Pageobjects.discuz_homepage.AddNewModule object at 0x0000027F93B1CF60>未找到页面('link text', '论坛')元素
2019-03-04 20:25:37,146 - BrowserEngine - INFO - 关闭浏览器
2019-03-04 20:25:39,487 - BrowserEngine - INFO - 读取浏览器成功
2019-03-04 20:25:39,487 - BrowserEngine - INFO - 找到URL：http://127.0.0.1/forum.php
2019-03-04 20:25:42,510 - BrowserEngine - INFO - 谷歌浏览器
2019-03-04 20:25:43,622 - BrowserEngine - INFO - 打开浏览器http://127.0.0.1/forum.php
2019-03-04 20:25:45,151 - BasePage - INFO - 输入内容
2019-03-04 20:25:45,317 - BasePage - INFO - 输入内容
2019-03-04 20:25:56,538 - BasePage - INFO - 输入内容
2019-03-04 20:26:02,431 - BasePage - INFO - 获取内容成功
2019-03-04 20:26:05,234 - BrowserEngine - INFO - 关闭浏览器
2019-03-04 20:26:07,951 - BrowserEngine - INFO - 读取浏览器成功
2019-03-04 20:26:07,952 - BrowserEngine - INFO - 找到URL：http://127.0.0.1/forum.php
2019-03-04 20:26:11,485 - BrowserEngine - INFO - 谷歌浏览器
2019-03-04 20:26:12,399 - BrowserEngine - INFO - 打开浏览器http://127.0.0.1/forum.php
2019-03-04 20:26:13,959 - BasePage - INFO - 输入内容
2019-03-04 20:26:14,192 - BasePage - INFO - 输入内容
2019-03-04 20:26:32,448 - BasePage - INFO - 输入内容
2019-03-04 20:26:32,861 - BasePage - INFO - 输入内容
2019-03-04 20:26:33,354 - BasePage - INFO - 输入内容
2019-03-04 20:26:48,180 - BasePage - INFO - 获取内容成功
2019-03-04 20:26:48,287 - BasePage - INFO - 获取内容成功
2019-03-04 20:26:48,398 - BasePage - INFO - 获取内容成功
2019-03-04 20:26:48,534 - BasePage - INFO - 获取内容成功
2019-03-04 20:26:48,664 - BasePage - INFO - 获取内容成功
2019-03-04 20:26:53,708 - BrowserEngine - INFO - 关闭浏览器
