2019-03-03 14:56:01,021 - BrowserEngine - INFO - 读取浏览器成功
2019-03-03 14:56:01,047 - BrowserEngine - INFO - 找到URL：http://127.0.0.1/forum.php
2019-03-03 14:56:06,852 - BrowserEngine - INFO - 谷歌浏览器
2019-03-03 14:56:07,839 - BrowserEngine - INFO - 打开浏览器http://127.0.0.1/forum.php
2019-03-03 14:56:09,482 - BasePage - INFO - 输入内容
2019-03-03 14:56:09,681 - BasePage - INFO - 输入内容
2019-03-03 14:56:16,817 - BasePage - INFO - 输入内容
2019-03-03 14:56:17,167 - BasePage - INFO - 输入内容
2019-03-03 14:56:22,830 - BasePage - INFO - 输入内容
2019-03-03 14:56:28,870 - BrowserEngine - INFO - 关闭浏览器
2019-03-03 14:56:31,238 - BrowserEngine - INFO - 读取浏览器成功
2019-03-03 14:56:31,238 - BrowserEngine - INFO - 找到URL：http://127.0.0.1/forum.php
2019-03-03 14:56:34,877 - BrowserEngine - INFO - 谷歌浏览器
2019-03-03 14:56:35,482 - BrowserEngine - INFO - 打开浏览器http://127.0.0.1/forum.php
2019-03-03 14:56:36,938 - BasePage - INFO - 输入内容
2019-03-03 14:56:37,081 - BasePage - INFO - 输入内容
2019-03-03 14:57:15,779 - BasePage - INFO - 输入内容
2019-03-03 14:57:24,964 - BasePage - INFO - 输入内容
2019-03-03 14:57:25,160 - BasePage - INFO - 输入内容
2019-03-03 14:57:31,631 - BasePage - INFO - 输入内容
2019-03-03 14:57:31,981 - BasePage - INFO - 输入内容
2019-03-03 14:57:33,894 - BasePage - INFO - 输入内容
2019-03-03 14:57:34,295 - BrowserEngine - INFO - 关闭浏览器
2019-03-03 14:57:36,625 - BrowserEngine - INFO - 读取浏览器成功
2019-03-03 14:57:36,625 - BrowserEngine - INFO - 找到URL：http://127.0.0.1/forum.php
2019-03-03 14:57:40,399 - BrowserEngine - INFO - 谷歌浏览器
2019-03-03 14:57:41,189 - BrowserEngine - INFO - 打开浏览器http://127.0.0.1/forum.php
2019-03-03 14:57:42,545 - BasePage - INFO - 输入内容
2019-03-03 14:57:42,652 - BasePage - INFO - 输入内容
2019-03-03 14:57:53,089 - BasePage - INFO - 输入内容
2019-03-03 14:57:55,707 - BasePage - INFO - 获取内容成功
2019-03-03 14:57:58,138 - BrowserEngine - INFO - 关闭浏览器
2019-03-03 14:58:00,460 - BrowserEngine - INFO - 读取浏览器成功
2019-03-03 14:58:00,460 - BrowserEngine - INFO - 找到URL：http://127.0.0.1/forum.php
2019-03-03 14:58:03,421 - BrowserEngine - INFO - 谷歌浏览器
2019-03-03 14:58:04,043 - BrowserEngine - INFO - 打开浏览器http://127.0.0.1/forum.php
2019-03-03 14:58:05,406 - BasePage - INFO - 输入内容
2019-03-03 14:58:05,544 - BasePage - INFO - 输入内容
2019-03-03 14:58:17,972 - BasePage - INFO - 输入内容
2019-03-03 14:58:18,301 - BasePage - INFO - 输入内容
2019-03-03 14:58:18,602 - BasePage - INFO - 输入内容
2019-03-03 14:58:31,093 - BasePage - INFO - 获取内容成功
2019-03-03 14:58:31,292 - BasePage - INFO - 获取内容成功
2019-03-03 14:58:31,398 - BasePage - INFO - 获取内容成功
2019-03-03 14:58:31,491 - BasePage - INFO - 获取内容成功
2019-03-03 14:58:31,598 - BasePage - INFO - 获取内容成功
2019-03-03 14:58:36,636 - BrowserEngine - INFO - 关闭浏览器
